{"/home/douglas/Playground/govaudit-react/lib/utils.ts": {"path":"/home/douglas/Playground/govaudit-react/lib/utils.ts","statementMap":{"0":{"start":{"line":2,"column":2},"end":{"line":2,"column":null}}},"fnMap":{"0":{"name":"formatAmount","decl":{"start":{"line":1,"column":16},"end":{"line":1,"column":29}},"loc":{"start":{"line":1,"column":53},"end":{"line":3,"column":null}},"line":1}},"branchMap":{},"s":{"0":14},"f":{"0":14},"b":{},"meta":{"lastBranch":0,"lastFunction":1,"lastStatement":1,"seen":{"f:1:16:1:29":0,"s:2:2:2:Infinity":0}}}
,"/home/douglas/Playground/govaudit-react/lib/importers/treasury.ts": {"path":"/home/douglas/Playground/govaudit-react/lib/importers/treasury.ts","statementMap":{"0":{"start":{"line":12,"column":2},"end":{"line":12,"column":null}},"1":{"start":{"line":13,"column":2},"end":{"line":13,"column":null}},"2":{"start":{"line":15,"column":2},"end":{"line":15,"column":null}},"3":{"start":{"line":18,"column":20},"end":{"line":18,"column":null}},"4":{"start":{"line":19,"column":21},"end":{"line":19,"column":null}},"5":{"start":{"line":20,"column":4},"end":{"line":20,"column":null}},"6":{"start":{"line":24,"column":16},"end":{"line":24,"column":null}},"7":{"start":{"line":25,"column":21},"end":{"line":25,"column":null}},"8":{"start":{"line":26,"column":4},"end":{"line":28,"column":null}},"9":{"start":{"line":27,"column":6},"end":{"line":27,"column":null}},"10":{"start":{"line":29,"column":17},"end":{"line":29,"column":null}},"11":{"start":{"line":30,"column":4},"end":{"line":30,"column":null}},"12":{"start":{"line":34,"column":16},"end":{"line":34,"column":null}},"13":{"start":{"line":35,"column":21},"end":{"line":35,"column":null}},"14":{"start":{"line":36,"column":4},"end":{"line":38,"column":null}},"15":{"start":{"line":37,"column":6},"end":{"line":37,"column":null}},"16":{"start":{"line":39,"column":17},"end":{"line":39,"column":null}},"17":{"start":{"line":40,"column":4},"end":{"line":40,"column":null}},"18":{"start":{"line":44,"column":32},"end":{"line":44,"column":null}},"19":{"start":{"line":46,"column":30},"end":{"line":46,"column":null}},"20":{"start":{"line":47,"column":4},"end":{"line":70,"column":null}},"21":{"start":{"line":48,"column":23},"end":{"line":48,"column":null}},"22":{"start":{"line":49,"column":6},"end":{"line":49,"column":null}},"23":{"start":{"line":49,"column":21},"end":{"line":49,"column":null}},"24":{"start":{"line":51,"column":27},"end":{"line":61,"column":null}},"25":{"start":{"line":63,"column":6},"end":{"line":69,"column":null}},"26":{"start":{"line":64,"column":23},"end":{"line":64,"column":null}},"27":{"start":{"line":65,"column":8},"end":{"line":68,"column":null}},"28":{"start":{"line":66,"column":26},"end":{"line":66,"column":null}},"29":{"start":{"line":67,"column":10},"end":{"line":67,"column":null}},"30":{"start":{"line":72,"column":4},"end":{"line":79,"column":null}},"31":{"start":{"line":73,"column":6},"end":{"line":78,"column":null}},"32":{"start":{"line":81,"column":31},"end":{"line":81,"column":null}},"33":{"start":{"line":82,"column":28},"end":{"line":103,"column":null}},"34":{"start":{"line":105,"column":4},"end":{"line":114,"column":null}},"35":{"start":{"line":106,"column":23},"end":{"line":106,"column":null}},"36":{"start":{"line":107,"column":6},"end":{"line":107,"column":null}},"37":{"start":{"line":107,"column":59},"end":{"line":107,"column":null}},"38":{"start":{"line":109,"column":21},"end":{"line":109,"column":null}},"39":{"start":{"line":110,"column":6},"end":{"line":113,"column":null}},"40":{"start":{"line":111,"column":24},"end":{"line":111,"column":null}},"41":{"start":{"line":112,"column":8},"end":{"line":112,"column":null}},"42":{"start":{"line":116,"column":4},"end":{"line":123,"column":null}},"43":{"start":{"line":117,"column":6},"end":{"line":122,"column":null}},"44":{"start":{"line":125,"column":4},"end":{"line":125,"column":null}}},"fnMap":{"0":{"name":"(anonymous_0)","decl":{"start":{"line":11,"column":7},"end":{"line":11,"column":13}},"loc":{"start":{"line":11,"column":7},"end":{"line":15,"column":null}},"line":11},"1":{"name":"(anonymous_1)","decl":{"start":{"line":17,"column":8},"end":{"line":17,"column":84}},"loc":{"start":{"line":17,"column":84},"end":{"line":21,"column":null}},"line":17},"2":{"name":"(anonymous_2)","decl":{"start":{"line":23,"column":16},"end":{"line":23,"column":58}},"loc":{"start":{"line":23,"column":58},"end":{"line":31,"column":null}},"line":23},"3":{"name":"(anonymous_3)","decl":{"start":{"line":33,"column":16},"end":{"line":33,"column":59}},"loc":{"start":{"line":33,"column":59},"end":{"line":41,"column":null}},"line":33},"4":{"name":"(anonymous_4)","decl":{"start":{"line":43,"column":2},"end":{"line":43,"column":12}},"loc":{"start":{"line":43,"column":91},"end":{"line":126,"column":null}},"line":43}},"branchMap":{"0":{"loc":{"start":{"line":26,"column":4},"end":{"line":28,"column":null}},"type":"if","locations":[{"start":{"line":26,"column":4},"end":{"line":28,"column":null}},{"start":{},"end":{}}],"line":26},"1":{"loc":{"start":{"line":36,"column":4},"end":{"line":38,"column":null}},"type":"if","locations":[{"start":{"line":36,"column":4},"end":{"line":38,"column":null}},{"start":{},"end":{}}],"line":36},"2":{"loc":{"start":{"line":49,"column":6},"end":{"line":49,"column":null}},"type":"if","locations":[{"start":{"line":49,"column":6},"end":{"line":49,"column":null}},{"start":{},"end":{}}],"line":49},"3":{"loc":{"start":{"line":63,"column":6},"end":{"line":69,"column":null}},"type":"if","locations":[{"start":{"line":63,"column":6},"end":{"line":69,"column":null}},{"start":{},"end":{}}],"line":63},"4":{"loc":{"start":{"line":65,"column":8},"end":{"line":68,"column":null}},"type":"if","locations":[{"start":{"line":65,"column":8},"end":{"line":68,"column":null}},{"start":{},"end":{}}],"line":65},"5":{"loc":{"start":{"line":66,"column":26},"end":{"line":66,"column":null}},"type":"binary-expr","locations":[{"start":{"line":66,"column":26},"end":{"line":66,"column":61}},{"start":{"line":66,"column":61},"end":{"line":66,"column":null}}],"line":66},"6":{"loc":{"start":{"line":107,"column":6},"end":{"line":107,"column":null}},"type":"if","locations":[{"start":{"line":107,"column":6},"end":{"line":107,"column":null}},{"start":{},"end":{}}],"line":107},"7":{"loc":{"start":{"line":107,"column":10},"end":{"line":107,"column":59}},"type":"binary-expr","locations":[{"start":{"line":107,"column":10},"end":{"line":107,"column":23}},{"start":{"line":107,"column":23},"end":{"line":107,"column":59}}],"line":107},"8":{"loc":{"start":{"line":110,"column":6},"end":{"line":113,"column":null}},"type":"if","locations":[{"start":{"line":110,"column":6},"end":{"line":113,"column":null}},{"start":{},"end":{}}],"line":110},"9":{"loc":{"start":{"line":111,"column":24},"end":{"line":111,"column":null}},"type":"binary-expr","locations":[{"start":{"line":111,"column":24},"end":{"line":111,"column":60}},{"start":{"line":111,"column":60},"end":{"line":111,"column":null}}],"line":111}},"s":{"0":15,"1":15,"2":15,"3":3,"4":2,"5":1,"6":3,"7":3,"8":3,"9":1,"10":2,"11":2,"12":2,"13":2,"14":2,"15":1,"16":1,"17":1,"18":10,"19":10,"20":10,"21":13,"22":13,"23":1,"24":12,"25":12,"26":11,"27":11,"28":10,"29":10,"30":10,"31":9,"32":10,"33":10,"34":10,"35":8,"36":8,"37":2,"38":6,"39":6,"40":5,"41":5,"42":10,"43":5,"44":10},"f":{"0":15,"1":3,"2":3,"3":2,"4":10},"b":{"0":[1,2],"1":[1,1],"2":[1,12],"3":[11,1],"4":[10,1],"5":[10,9],"6":[2,6],"7":[8,8],"8":[5,1],"9":[5,5]},"meta":{"lastBranch":10,"lastFunction":5,"lastStatement":45,"seen":{"f:11:7:11:13":0,"s:12:2:12:Infinity":0,"s:13:2:13:Infinity":1,"s:15:2:15:Infinity":2,"f:17:8:17:84":1,"s:18:20:18:Infinity":3,"s:19:21:19:Infinity":4,"s:20:4:20:Infinity":5,"f:23:16:23:58":2,"s:24:16:24:Infinity":6,"s:25:21:25:Infinity":7,"b:26:4:28:Infinity:undefined:undefined:undefined:undefined":0,"s:26:4:28:Infinity":8,"s:27:6:27:Infinity":9,"s:29:17:29:Infinity":10,"s:30:4:30:Infinity":11,"f:33:16:33:59":3,"s:34:16:34:Infinity":12,"s:35:21:35:Infinity":13,"b:36:4:38:Infinity:undefined:undefined:undefined:undefined":1,"s:36:4:38:Infinity":14,"s:37:6:37:Infinity":15,"s:39:17:39:Infinity":16,"s:40:4:40:Infinity":17,"f:43:2:43:12":4,"s:44:32:44:Infinity":18,"s:46:30:46:Infinity":19,"s:47:4:70:Infinity":20,"s:48:23:48:Infinity":21,"b:49:6:49:Infinity:undefined:undefined:undefined:undefined":2,"s:49:6:49:Infinity":22,"s:49:21:49:Infinity":23,"s:51:27:61:Infinity":24,"b:63:6:69:Infinity:undefined:undefined:undefined:undefined":3,"s:63:6:69:Infinity":25,"s:64:23:64:Infinity":26,"b:65:8:68:Infinity:undefined:undefined:undefined:undefined":4,"s:65:8:68:Infinity":27,"s:66:26:66:Infinity":28,"b:66:26:66:61:66:61:66:Infinity":5,"s:67:10:67:Infinity":29,"s:72:4:79:Infinity":30,"s:73:6:78:Infinity":31,"s:81:31:81:Infinity":32,"s:82:28:103:Infinity":33,"s:105:4:114:Infinity":34,"s:106:23:106:Infinity":35,"b:107:6:107:Infinity:undefined:undefined:undefined:undefined":6,"s:107:6:107:Infinity":36,"b:107:10:107:23:107:23:107:59":7,"s:107:59:107:Infinity":37,"s:109:21:109:Infinity":38,"b:110:6:113:Infinity:undefined:undefined:undefined:undefined":8,"s:110:6:113:Infinity":39,"s:111:24:111:Infinity":40,"b:111:24:111:60:111:60:111:Infinity":9,"s:112:8:112:Infinity":41,"s:116:4:123:Infinity":42,"s:117:6:122:Infinity":43,"s:125:4:125:Infinity":44}}}
,"/home/douglas/Playground/govaudit-react/lib/importers/types.ts": {"path":"/home/douglas/Playground/govaudit-react/lib/importers/types.ts","statementMap":{},"fnMap":{},"branchMap":{},"s":{},"f":{},"b":{},"meta":{"lastBranch":0,"lastFunction":0,"lastStatement":0,"seen":{}}}
,"/home/douglas/Playground/govaudit-react/lib/parsers/csv.ts": {"path":"/home/douglas/Playground/govaudit-react/lib/parsers/csv.ts","statementMap":{"0":{"start":{"line":4,"column":2},"end":{"line":4,"column":null}},"1":{"start":{"line":7,"column":18},"end":{"line":7,"column":null}},"2":{"start":{"line":8,"column":20},"end":{"line":8,"column":null}},"3":{"start":{"line":8,"column":51},"end":{"line":8,"column":59}},"4":{"start":{"line":10,"column":20},"end":{"line":10,"column":null}},"5":{"start":{"line":11,"column":24},"end":{"line":11,"column":null}},"6":{"start":{"line":12,"column":22},"end":{"line":12,"column":null}},"7":{"start":{"line":13,"column":27},"end":{"line":13,"column":null}},"8":{"start":{"line":15,"column":4},"end":{"line":23,"column":null}},"9":{"start":{"line":16,"column":21},"end":{"line":16,"column":null}},"10":{"start":{"line":17,"column":6},"end":{"line":22,"column":null}},"11":{"start":{"line":27,"column":20},"end":{"line":27,"column":null}},"12":{"start":{"line":28,"column":17},"end":{"line":30,"column":null}},"13":{"start":{"line":29,"column":6},"end":{"line":29,"column":null}},"14":{"start":{"line":31,"column":4},"end":{"line":31,"column":null}},"15":{"start":{"line":35,"column":29},"end":{"line":35,"column":null}},"16":{"start":{"line":36,"column":18},"end":{"line":36,"column":null}},"17":{"start":{"line":37,"column":19},"end":{"line":37,"column":null}},"18":{"start":{"line":39,"column":4},"end":{"line":54,"column":null}},"19":{"start":{"line":39,"column":17},"end":{"line":39,"column":20}},"20":{"start":{"line":40,"column":19},"end":{"line":40,"column":null}},"21":{"start":{"line":41,"column":6},"end":{"line":53,"column":null}},"22":{"start":{"line":42,"column":8},"end":{"line":47,"column":null}},"23":{"start":{"line":43,"column":10},"end":{"line":43,"column":null}},"24":{"start":{"line":44,"column":10},"end":{"line":44,"column":null}},"25":{"start":{"line":46,"column":10},"end":{"line":46,"column":null}},"26":{"start":{"line":48,"column":6},"end":{"line":53,"column":null}},"27":{"start":{"line":49,"column":8},"end":{"line":49,"column":null}},"28":{"start":{"line":50,"column":8},"end":{"line":50,"column":null}},"29":{"start":{"line":52,"column":8},"end":{"line":52,"column":null}},"30":{"start":{"line":55,"column":4},"end":{"line":55,"column":null}},"31":{"start":{"line":56,"column":4},"end":{"line":56,"column":null}}},"fnMap":{"0":{"name":"(anonymous_0)","decl":{"start":{"line":3,"column":7},"end":{"line":3,"column":13}},"loc":{"start":{"line":3,"column":7},"end":{"line":4,"column":null}},"line":3},"1":{"name":"(anonymous_1)","decl":{"start":{"line":6,"column":2},"end":{"line":6,"column":7}},"loc":{"start":{"line":6,"column":38},"end":{"line":24,"column":null}},"line":6},"2":{"name":"(anonymous_2)","decl":{"start":{"line":8,"column":44},"end":{"line":8,"column":45}},"loc":{"start":{"line":8,"column":51},"end":{"line":8,"column":59}},"line":8},"3":{"name":"(anonymous_3)","decl":{"start":{"line":15,"column":30},"end":{"line":15,"column":31}},"loc":{"start":{"line":15,"column":40},"end":{"line":23,"column":5}},"line":15},"4":{"name":"(anonymous_4)","decl":{"start":{"line":26,"column":2},"end":{"line":26,"column":8}},"loc":{"start":{"line":26,"column":36},"end":{"line":32,"column":null}},"line":26},"5":{"name":"(anonymous_5)","decl":{"start":{"line":28,"column":26},"end":{"line":28,"column":27}},"loc":{"start":{"line":29,"column":6},"end":{"line":29,"column":null}},"line":29},"6":{"name":"(anonymous_6)","decl":{"start":{"line":34,"column":10},"end":{"line":34,"column":23}},"loc":{"start":{"line":34,"column":47},"end":{"line":57,"column":null}},"line":34}},"branchMap":{"0":{"loc":{"start":{"line":41,"column":6},"end":{"line":53,"column":null}},"type":"if","locations":[{"start":{"line":41,"column":6},"end":{"line":53,"column":null}},{"start":{"line":48,"column":6},"end":{"line":53,"column":null}}],"line":41},"1":{"loc":{"start":{"line":42,"column":8},"end":{"line":47,"column":null}},"type":"if","locations":[{"start":{"line":42,"column":8},"end":{"line":47,"column":null}},{"start":{"line":45,"column":15},"end":{"line":47,"column":null}}],"line":42},"2":{"loc":{"start":{"line":42,"column":12},"end":{"line":42,"column":45}},"type":"binary-expr","locations":[{"start":{"line":42,"column":12},"end":{"line":42,"column":24}},{"start":{"line":42,"column":24},"end":{"line":42,"column":45}}],"line":42},"3":{"loc":{"start":{"line":48,"column":6},"end":{"line":53,"column":null}},"type":"if","locations":[{"start":{"line":48,"column":6},"end":{"line":53,"column":null}},{"start":{"line":51,"column":13},"end":{"line":53,"column":null}}],"line":48},"4":{"loc":{"start":{"line":48,"column":17},"end":{"line":48,"column":44}},"type":"binary-expr","locations":[{"start":{"line":48,"column":17},"end":{"line":48,"column":33}},{"start":{"line":48,"column":33},"end":{"line":48,"column":44}}],"line":48}},"s":{"0":1,"1":13,"2":13,"3":46,"4":13,"5":13,"6":13,"7":13,"8":13,"9":21,"10":21,"11":6,"12":6,"13":10,"14":6,"15":21,"16":21,"17":21,"18":21,"19":21,"20":722,"21":722,"22":22,"23":4,"24":4,"25":18,"26":700,"27":60,"28":60,"29":640,"30":21,"31":21},"f":{"0":1,"1":13,"2":46,"3":21,"4":6,"5":10,"6":21},"b":{"0":[22,700],"1":[4,18],"2":[22,13],"3":[60,640],"4":[700,62]},"meta":{"lastBranch":5,"lastFunction":7,"lastStatement":32,"seen":{"f:3:7:3:13":0,"s:4:2:4:Infinity":0,"f:6:2:6:7":1,"s:7:18:7:Infinity":1,"s:8:20:8:Infinity":2,"f:8:44:8:45":2,"s:8:51:8:59":3,"s:10:20:10:Infinity":4,"s:11:24:11:Infinity":5,"s:12:22:12:Infinity":6,"s:13:27:13:Infinity":7,"s:15:4:23:Infinity":8,"f:15:30:15:31":3,"s:16:21:16:Infinity":9,"s:17:6:22:Infinity":10,"f:26:2:26:8":4,"s:27:20:27:Infinity":11,"s:28:17:30:Infinity":12,"f:28:26:28:27":5,"s:29:6:29:Infinity":13,"s:31:4:31:Infinity":14,"f:34:10:34:23":6,"s:35:29:35:Infinity":15,"s:36:18:36:Infinity":16,"s:37:19:37:Infinity":17,"s:39:4:54:Infinity":18,"s:39:17:39:20":19,"s:40:19:40:Infinity":20,"b:41:6:53:Infinity:48:6:53:Infinity":0,"s:41:6:53:Infinity":21,"b:42:8:47:Infinity:45:15:47:Infinity":1,"s:42:8:47:Infinity":22,"b:42:12:42:24:42:24:42:45":2,"s:43:10:43:Infinity":23,"s:44:10:44:Infinity":24,"s:46:10:46:Infinity":25,"b:48:6:53:Infinity:51:13:53:Infinity":3,"s:48:6:53:Infinity":26,"b:48:17:48:33:48:33:48:44":4,"s:49:8:49:Infinity":27,"s:50:8:50:Infinity":28,"s:52:8:52:Infinity":29,"s:55:4:55:Infinity":30,"s:56:4:56:Infinity":31}}}
}
